Base path: C:/Program Files (x86)/Unity46/Editor/Data
Pipe name: \\.\pipe\UnityShaderCompiler-7-7492
Cmd: getPlatforms
Cmd: compileSnippet
  api=8 type=0 insize=5122 outsize=3640 kw=DIRECTIONAL LIGHTMAP_ON DIRLIGHTMAP_OFF ok=1
Cmd: compileSnippet
  api=8 type=1 insize=5122 outsize=3486 kw=DIRECTIONAL LIGHTMAP_OFF DIRLIGHTMAP_OFF ok=1
Cmd: compileSnippet
  api=8 type=0 insize=2764 outsize=3291 kw=DIRECTIONAL ok=1
Cmd: compileSnippet
  api=0 type=0 insize=2764 outsize=1037 kw=DIRECTIONAL_COOKIE ok=1
Cmd: compileSnippet
  api=0 type=1 insize=2764 outsize=541 kw=DIRECTIONAL ok=1
Cmd: compileSnippet
  api=8 type=1 insize=2764 outsize=3827 kw=SPOT ok=1
Cmd: compileSnippet
  api=8 type=0 insize=9646 outsize=4014 kw=DIRECTIONAL SHADOWS_OFF LIGHTMAP_OFF DIRLIGHTMAP_OFF DUMMY ok=1
Cmd: compileSnippet
  api=8 type=0 insize=9646 outsize=4583 kw=DIRECTIONAL SHADOWS_SCREEN LIGHTMAP_OFF DIRLIGHTMAP_OFF DUMMY ok=1
Cmd: compileSnippet
  api=8 type=0 insize=9646 outsize=6785 kw=DIRECTIONAL SHADOWS_OFF LIGHTMAP_OFF DIRLIGHTMAP_OFF VERTEXLIGHT_ON DUMMY ok=1
Cmd: compileSnippet
  api=4 type=0 insize=9646 outsize=2046 kw=DIRECTIONAL SHADOWS_OFF LIGHTMAP_ON DIRLIGHTMAP_ON PIXELSNAP_ON ok=1
Cmd: compileSnippet
  api=4 type=0 insize=9646 outsize=3500 kw=DIRECTIONAL SHADOWS_SCREEN LIGHTMAP_OFF DIRLIGHTMAP_OFF PIXELSNAP_ON ok=1
Cmd: compileSnippet
  api=4 type=0 insize=9646 outsize=2403 kw=DIRECTIONAL SHADOWS_SCREEN LIGHTMAP_ON DIRLIGHTMAP_ON PIXELSNAP_ON ok=1
Cmd: compileSnippet
  api=4 type=0 insize=9646 outsize=4865 kw=DIRECTIONAL SHADOWS_OFF LIGHTMAP_OFF DIRLIGHTMAP_OFF VERTEXLIGHT_ON PIXELSNAP_ON ok=1
Cmd: compileSnippet
  api=8 type=1 insize=9646 outsize=2105 kw=DIRECTIONAL SHADOWS_OFF LIGHTMAP_OFF DIRLIGHTMAP_OFF DUMMY ok=1
Cmd: compileSnippet
  api=0 type=1 insize=9646 outsize=516 kw=DIRECTIONAL SHADOWS_SCREEN LIGHTMAP_ON DIRLIGHTMAP_ON DUMMY ok=1
Cmd: compileSnippet
  api=1 type=1 insize=9646 outsize=300 kw=DIRECTIONAL SHADOWS_OFF LIGHTMAP_OFF DIRLIGHTMAP_OFF PIXELSNAP_ON ok=1
Cmd: compileSnippet
  api=8 type=1 insize=9646 outsize=1780 kw=DIRECTIONAL SHADOWS_OFF LIGHTMAP_ON DIRLIGHTMAP_OFF PIXELSNAP_ON ok=1
Cmd: compileSnippet
  api=8 type=1 insize=9646 outsize=2552 kw=DIRECTIONAL SHADOWS_SCREEN LIGHTMAP_OFF DIRLIGHTMAP_OFF PIXELSNAP_ON ok=1
Cmd: compileSnippet
  api=0 type=0 insize=5534 outsize=613 kw=DIRECTIONAL DUMMY ok=1
Cmd: compileSnippet
  api=8 type=0 insize=5534 outsize=4307 kw=POINT_COOKIE DUMMY ok=1
Cmd: compileSnippet
  api=1 type=0 insize=5534 outsize=584 kw=DIRECTIONAL PIXELSNAP_ON ok=1
Cmd: compileSnippet
  api=0 type=0 insize=5534 outsize=988 kw=DIRECTIONAL_COOKIE PIXELSNAP_ON ok=1
Cmd: compileSnippet
  api=4 type=1 insize=5534 outsize=1729 kw=POINT DUMMY ok=1
Cmd: compileSnippet
  api=8 type=1 insize=5534 outsize=2852 kw=POINT_COOKIE DUMMY ok=1
Cmd: compileSnippet
  api=4 type=1 insize=5534 outsize=1315 kw=DIRECTIONAL PIXELSNAP_ON ok=1
Cmd: compileSnippet
  api=1 type=1 insize=5534 outsize=493 kw=POINT_COOKIE PIXELSNAP_ON ok=1
Cmd: compileSnippet
  api=8 type=1 insize=5534 outsize=2308 kw=DIRECTIONAL_COOKIE PIXELSNAP_ON ok=1
Cmd: compileSnippet
  api=4 type=0 insize=4586 outsize=2046 kw=PIXELSNAP_ON ok=1
Cmd: compileSnippet
  api=4 type=1 insize=4586 outsize=681 kw=DUMMY ok=1
Cmd: compileSnippet
  api=1 type=0 insize=8978 outsize=534 kw=LIGHTMAP_ON DIRLIGHTMAP_OFF DUMMY HDR_LIGHT_PREPASS_OFF ok=1
Cmd: compileSnippet
  api=0 type=0 insize=8978 outsize=958 kw=LIGHTMAP_OFF DIRLIGHTMAP_OFF HDR_LIGHT_PREPASS_ON DUMMY ok=1
Cmd: compileSnippet
  api=4 type=0 insize=8978 outsize=2046 kw=LIGHTMAP_ON DIRLIGHTMAP_ON HDR_LIGHT_PREPASS_ON DUMMY ok=1
Cmd: compileSnippet
  api=4 type=0 insize=8978 outsize=3387 kw=LIGHTMAP_OFF DIRLIGHTMAP_OFF PIXELSNAP_ON HDR_LIGHT_PREPASS_OFF ok=1
Cmd: compileSnippet
  api=1 type=0 insize=8978 outsize=609 kw=LIGHTMAP_ON DIRLIGHTMAP_ON PIXELSNAP_ON HDR_LIGHT_PREPASS_OFF ok=1
Cmd: compileSnippet
  api=0 type=0 insize=8978 outsize=1066 kw=LIGHTMAP_ON DIRLIGHTMAP_OFF HDR_LIGHT_PREPASS_ON PIXELSNAP_ON ok=1
Cmd: compileSnippet
  api=8 type=0 insize=8978 outsize=3592 kw=LIGHTMAP_ON DIRLIGHTMAP_ON HDR_LIGHT_PREPASS_ON PIXELSNAP_ON ok=1
Cmd: compileSnippet
  api=1 type=1 insize=8978 outsize=559 kw=LIGHTMAP_ON DIRLIGHTMAP_OFF DUMMY HDR_LIGHT_PREPASS_OFF ok=1
Cmd: compileSnippet
  api=0 type=1 insize=8978 outsize=304 kw=LIGHTMAP_OFF DIRLIGHTMAP_OFF HDR_LIGHT_PREPASS_ON DUMMY ok=1
Cmd: compileSnippet
  api=4 type=1 insize=8978 outsize=2168 kw=LIGHTMAP_ON DIRLIGHTMAP_OFF HDR_LIGHT_PREPASS_ON DUMMY ok=1
Cmd: compileSnippet
  api=4 type=1 insize=8978 outsize=1339 kw=LIGHTMAP_OFF DIRLIGHTMAP_OFF PIXELSNAP_ON HDR_LIGHT_PREPASS_OFF ok=1
Cmd: compileSnippet
  api=0 type=1 insize=8978 outsize=445 kw=LIGHTMAP_ON DIRLIGHTMAP_ON PIXELSNAP_ON HDR_LIGHT_PREPASS_OFF ok=1
Cmd: compileSnippet
  api=0 type=1 insize=8978 outsize=682 kw=LIGHTMAP_ON DIRLIGHTMAP_OFF HDR_LIGHT_PREPASS_ON PIXELSNAP_ON ok=1
Cmd: compileSnippet
  api=8 type=1 insize=8978 outsize=2210 kw=LIGHTMAP_ON DIRLIGHTMAP_ON HDR_LIGHT_PREPASS_ON PIXELSNAP_ON ok=1
Cmd: compileSnippet
  api=4 type=0 insize=8077 outsize=1298 kw=DIRECTIONAL SHADOWS_OFF LIGHTMAP_OFF DIRLIGHTMAP_OFF VERTEXLIGHT_ON ok=1
Cmd: compileSnippet
  api=4 type=2 insize=8077 outsize=7815 kw=DIRECTIONAL SHADOWS_OFF LIGHTMAP_ON DIRLIGHTMAP_OFF ok=1
Cmd: compileSnippet
  api=4 type=3 insize=8077 outsize=5930 kw=DIRECTIONAL SHADOWS_SCREEN LIGHTMAP_OFF DIRLIGHTMAP_OFF ok=1
Cmd: compileSnippet
  api=4 type=1 insize=5700 outsize=2793 kw=DIRECTIONAL_COOKIE ok=1
Cmd: compileSnippet
  api=4 type=3 insize=5700 outsize=5077 kw=DIRECTIONAL_COOKIE ok=1
Cmd: compileSnippet
  api=4 type=0 insize=7543 outsize=1298 kw=LIGHTMAP_ON DIRLIGHTMAP_ON HDR_LIGHT_PREPASS_ON ok=1
Cmd: compileSnippet
  api=4 type=1 insize=7543 outsize=1477 kw=LIGHTMAP_OFF DIRLIGHTMAP_OFF HDR_LIGHT_PREPASS_ON ok=1
Cmd: compileSnippet
  api=4 type=2 insize=7543 outsize=7815 kw=LIGHTMAP_ON DIRLIGHTMAP_OFF HDR_LIGHT_PREPASS_OFF ok=1
Cmd: compileSnippet
  api=0 type=0 insize=4996 outsize=951 kw=DIRECTIONAL SHADOWS_OFF LIGHTMAP_ON DIRLIGHTMAP_ON ok=1
Cmd: compileSnippet
  api=8 type=0 insize=4996 outsize=6590 kw=DIRECTIONAL SHADOWS_SCREEN LIGHTMAP_OFF DIRLIGHTMAP_OFF ok=1
Cmd: compileSnippet
  api=4 type=0 insize=4996 outsize=6149 kw=DIRECTIONAL SHADOWS_SCREEN LIGHTMAP_OFF DIRLIGHTMAP_OFF VERTEXLIGHT_ON ok=1
Cmd: compileSnippet
  api=8 type=1 insize=4996 outsize=3283 kw=DIRECTIONAL SHADOWS_OFF LIGHTMAP_OFF DIRLIGHTMAP_OFF ok=1
Cmd: compileSnippet
  api=8 type=1 insize=4996 outsize=3957 kw=DIRECTIONAL SHADOWS_SCREEN LIGHTMAP_ON DIRLIGHTMAP_OFF ok=1
Cmd: compileSnippet
  api=0 type=0 insize=2656 outsize=828 kw=DIRECTIONAL ok=1
Cmd: compileSnippet
  api=4 type=0 insize=2656 outsize=3037 kw=POINT_COOKIE ok=1
Cmd: compileSnippet
  api=8 type=0 insize=2656 outsize=4315 kw=DIRECTIONAL_COOKIE ok=1
Cmd: compileSnippet
  api=8 type=1 insize=2656 outsize=2487 kw=DIRECTIONAL ok=1
Cmd: compileSnippet
  api=1 type=1 insize=2656 outsize=563 kw=DIRECTIONAL_COOKIE ok=1
Cmd: compileSnippet
  api=4 type=0 insize=4637 outsize=3866 kw=LIGHTMAP_ON DIRLIGHTMAP_OFF HDR_LIGHT_PREPASS_OFF ok=1
Cmd: compileSnippet
  api=1 type=0 insize=4637 outsize=975 kw=LIGHTMAP_OFF DIRLIGHTMAP_OFF HDR_LIGHT_PREPASS_ON ok=1
Cmd: compileSnippet
  api=0 type=0 insize=4637 outsize=1046 kw=LIGHTMAP_ON DIRLIGHTMAP_ON HDR_LIGHT_PREPASS_ON ok=1
Cmd: compileSnippet
  api=4 type=1 insize=4637 outsize=2152 kw=LIGHTMAP_OFF DIRLIGHTMAP_OFF HDR_LIGHT_PREPASS_OFF ok=1
Cmd: compileSnippet
  api=1 type=1 insize=4637 outsize=574 kw=LIGHTMAP_OFF DIRLIGHTMAP_OFF HDR_LIGHT_PREPASS_ON ok=1
Cmd: compileSnippet
  api=4 type=1 insize=4637 outsize=2948 kw=LIGHTMAP_ON DIRLIGHTMAP_OFF HDR_LIGHT_PREPASS_ON ok=1
Unhandled exception: Readfile from pipe failed. GLE=The pipe has been ended.


Quitting shader compiler process
