Base path: C:/Program Files (x86)/Unity46/Editor/Data
Pipe name: \\.\pipe\UnityShaderCompiler-6-3000
Cmd: getPlatforms
Cmd: compileSnippet
  api=4 type=0 insize=5122 outsize=2509 kw=DIRECTIONAL LIGHTMAP_ON DIRLIGHTMAP_OFF ok=1
Cmd: compileSnippet
  api=4 type=0 insize=5122 outsize=5792 kw=DIRECTIONAL LIGHTMAP_OFF DIRLIGHTMAP_OFF VERTEXLIGHT_ON ok=1
Cmd: compileSnippet
  api=8 type=1 insize=5122 outsize=3250 kw=DIRECTIONAL LIGHTMAP_ON DIRLIGHTMAP_OFF ok=1
Cmd: compileSnippet
  api=0 type=0 insize=2764 outsize=1154 kw=SPOT ok=1
Cmd: compileSnippet
  api=1 type=0 insize=2764 outsize=575 kw=DIRECTIONAL_COOKIE ok=1
Cmd: compileSnippet
  api=4 type=1 insize=2764 outsize=2501 kw=SPOT ok=1
Cmd: compileSnippet
  api=0 type=1 insize=2764 outsize=618 kw=DIRECTIONAL_COOKIE ok=1
Cmd: compileSnippet
  api=0 type=0 insize=9646 outsize=482 kw=DIRECTIONAL SHADOWS_OFF LIGHTMAP_ON DIRLIGHTMAP_ON DUMMY ok=1
Cmd: compileSnippet
  api=0 type=0 insize=9646 outsize=585 kw=DIRECTIONAL SHADOWS_SCREEN LIGHTMAP_ON DIRLIGHTMAP_OFF DUMMY ok=1
Cmd: compileSnippet
  api=0 type=0 insize=9646 outsize=1619 kw=DIRECTIONAL SHADOWS_OFF LIGHTMAP_OFF DIRLIGHTMAP_OFF VERTEXLIGHT_ON DUMMY ok=1
Cmd: compileSnippet
  api=1 type=0 insize=9646 outsize=899 kw=DIRECTIONAL SHADOWS_OFF LIGHTMAP_OFF DIRLIGHTMAP_OFF PIXELSNAP_ON ok=1
Cmd: compileSnippet
  api=4 type=0 insize=9646 outsize=2046 kw=DIRECTIONAL SHADOWS_OFF LIGHTMAP_ON DIRLIGHTMAP_OFF PIXELSNAP_ON ok=1
Cmd: compileSnippet
  api=8 type=0 insize=9646 outsize=3080 kw=DIRECTIONAL SHADOWS_OFF LIGHTMAP_ON DIRLIGHTMAP_ON PIXELSNAP_ON ok=1
Cmd: compileSnippet
  api=8 type=0 insize=9646 outsize=3592 kw=DIRECTIONAL SHADOWS_SCREEN LIGHTMAP_ON DIRLIGHTMAP_OFF PIXELSNAP_ON ok=1
Cmd: compileSnippet
  api=0 type=0 insize=9646 outsize=1934 kw=DIRECTIONAL SHADOWS_SCREEN LIGHTMAP_OFF DIRLIGHTMAP_OFF VERTEXLIGHT_ON PIXELSNAP_ON ok=1
Cmd: compileSnippet
  api=4 type=1 insize=9646 outsize=1428 kw=DIRECTIONAL SHADOWS_OFF LIGHTMAP_OFF DIRLIGHTMAP_OFF DUMMY ok=1
Cmd: compileSnippet
  api=4 type=1 insize=9646 outsize=1688 kw=DIRECTIONAL SHADOWS_SCREEN LIGHTMAP_OFF DIRLIGHTMAP_OFF DUMMY ok=1
Cmd: compileSnippet
  api=4 type=1 insize=9646 outsize=1762 kw=DIRECTIONAL SHADOWS_SCREEN LIGHTMAP_ON DIRLIGHTMAP_ON DUMMY ok=1
Cmd: compileSnippet
  api=4 type=1 insize=9646 outsize=1217 kw=DIRECTIONAL SHADOWS_OFF LIGHTMAP_ON DIRLIGHTMAP_OFF PIXELSNAP_ON ok=1
Cmd: compileSnippet
  api=4 type=1 insize=9646 outsize=1688 kw=DIRECTIONAL SHADOWS_SCREEN LIGHTMAP_OFF DIRLIGHTMAP_OFF PIXELSNAP_ON ok=1
Cmd: compileSnippet
  api=8 type=1 insize=9646 outsize=2633 kw=DIRECTIONAL SHADOWS_SCREEN LIGHTMAP_ON DIRLIGHTMAP_ON PIXELSNAP_ON ok=1
Cmd: compileSnippet
  api=8 type=0 insize=5534 outsize=2812 kw=DIRECTIONAL DUMMY ok=1
Cmd: compileSnippet
  api=4 type=0 insize=5534 outsize=3021 kw=POINT_COOKIE DUMMY ok=1
Cmd: compileSnippet
  api=8 type=0 insize=5534 outsize=3811 kw=DIRECTIONAL_COOKIE DUMMY ok=1
Cmd: compileSnippet
  api=4 type=0 insize=5534 outsize=3411 kw=SPOT PIXELSNAP_ON ok=1
Cmd: compileSnippet
  api=0 type=1 insize=5534 outsize=801 kw=SPOT DUMMY ok=1
Cmd: compileSnippet
  api=1 type=1 insize=5534 outsize=493 kw=POINT_COOKIE DUMMY ok=1
Cmd: compileSnippet
  api=0 type=1 insize=5534 outsize=588 kw=POINT PIXELSNAP_ON ok=1
Cmd: compileSnippet
  api=0 type=1 insize=5534 outsize=408 kw=DIRECTIONAL PIXELSNAP_ON ok=1
Cmd: compileSnippet
  api=1 type=1 insize=5534 outsize=599 kw=SPOT PIXELSNAP_ON ok=1
Cmd: compileSnippet
  api=0 type=1 insize=5534 outsize=474 kw=DIRECTIONAL_COOKIE PIXELSNAP_ON ok=1
Cmd: compileSnippet
  api=1 type=0 insize=4586 outsize=520 kw=PIXELSNAP_ON ok=1
Cmd: compileSnippet
  api=1 type=1 insize=4586 outsize=118 kw=PIXELSNAP_ON ok=1
Cmd: compileSnippet
  api=0 type=0 insize=8978 outsize=958 kw=LIGHTMAP_OFF DIRLIGHTMAP_OFF DUMMY HDR_LIGHT_PREPASS_OFF ok=1
Cmd: compileSnippet
  api=1 type=0 insize=8978 outsize=671 kw=LIGHTMAP_OFF DIRLIGHTMAP_OFF HDR_LIGHT_PREPASS_ON DUMMY ok=1
Cmd: compileSnippet
  api=1 type=0 insize=8978 outsize=343 kw=LIGHTMAP_ON DIRLIGHTMAP_ON HDR_LIGHT_PREPASS_ON DUMMY ok=1
Cmd: compileSnippet
  api=1 type=0 insize=8978 outsize=804 kw=LIGHTMAP_ON DIRLIGHTMAP_OFF PIXELSNAP_ON HDR_LIGHT_PREPASS_OFF ok=1
Cmd: compileSnippet
  api=8 type=0 insize=8978 outsize=3592 kw=LIGHTMAP_ON DIRLIGHTMAP_ON PIXELSNAP_ON HDR_LIGHT_PREPASS_OFF ok=1
Cmd: compileSnippet
  api=0 type=0 insize=8978 outsize=808 kw=LIGHTMAP_ON DIRLIGHTMAP_ON HDR_LIGHT_PREPASS_ON PIXELSNAP_ON ok=1
Cmd: compileSnippet
  api=8 type=1 insize=8978 outsize=1975 kw=LIGHTMAP_OFF DIRLIGHTMAP_OFF DUMMY HDR_LIGHT_PREPASS_OFF ok=1
Cmd: compileSnippet
  api=4 type=1 insize=8978 outsize=1290 kw=LIGHTMAP_OFF DIRLIGHTMAP_OFF HDR_LIGHT_PREPASS_ON DUMMY ok=1
Cmd: compileSnippet
  api=0 type=1 insize=8978 outsize=395 kw=LIGHTMAP_ON DIRLIGHTMAP_ON HDR_LIGHT_PREPASS_ON DUMMY ok=1
Cmd: compileSnippet
  api=8 type=1 insize=8978 outsize=1975 kw=LIGHTMAP_OFF DIRLIGHTMAP_OFF PIXELSNAP_ON HDR_LIGHT_PREPASS_OFF ok=1
Cmd: compileSnippet
  api=1 type=1 insize=8978 outsize=211 kw=LIGHTMAP_OFF DIRLIGHTMAP_OFF HDR_LIGHT_PREPASS_ON PIXELSNAP_ON ok=1
Cmd: compileSnippet
  api=4 type=1 insize=8978 outsize=2168 kw=LIGHTMAP_ON DIRLIGHTMAP_OFF HDR_LIGHT_PREPASS_ON PIXELSNAP_ON ok=1
Cmd: compileSnippet
  api=4 type=0 insize=8077 outsize=1298 kw=DIRECTIONAL SHADOWS_SCREEN LIGHTMAP_ON DIRLIGHTMAP_ON ok=1
Cmd: compileSnippet
  api=4 type=1 insize=8077 outsize=4199 kw=DIRECTIONAL SHADOWS_SCREEN LIGHTMAP_ON DIRLIGHTMAP_ON ok=1
Cmd: compileSnippet
  api=4 type=3 insize=8077 outsize=2850 kw=DIRECTIONAL SHADOWS_OFF LIGHTMAP_ON DIRLIGHTMAP_OFF ok=1
Cmd: compileSnippet
  api=4 type=0 insize=5700 outsize=1298 kw=SPOT ok=1
Cmd: compileSnippet
  api=4 type=2 insize=5700 outsize=7815 kw=POINT ok=1
Cmd: compileSnippet
  api=4 type=3 insize=5700 outsize=5166 kw=POINT_COOKIE ok=1
Cmd: compileSnippet
  api=4 type=0 insize=7543 outsize=1298 kw=LIGHTMAP_OFF DIRLIGHTMAP_OFF HDR_LIGHT_PREPASS_OFF ok=1
Cmd: compileSnippet
  api=4 type=2 insize=7543 outsize=7815 kw=LIGHTMAP_OFF DIRLIGHTMAP_OFF HDR_LIGHT_PREPASS_OFF ok=1
Cmd: compileSnippet
  api=4 type=3 insize=7543 outsize=4378 kw=LIGHTMAP_ON DIRLIGHTMAP_ON HDR_LIGHT_PREPASS_ON ok=1
Cmd: compileSnippet
  api=4 type=0 insize=4996 outsize=4069 kw=DIRECTIONAL SHADOWS_OFF LIGHTMAP_OFF DIRLIGHTMAP_OFF ok=1
Cmd: compileSnippet
  api=4 type=0 insize=4996 outsize=4427 kw=DIRECTIONAL SHADOWS_SCREEN LIGHTMAP_OFF DIRLIGHTMAP_OFF ok=1
Cmd: compileSnippet
  api=8 type=0 insize=4996 outsize=4201 kw=DIRECTIONAL SHADOWS_SCREEN LIGHTMAP_ON DIRLIGHTMAP_ON ok=1
Cmd: compileSnippet
  api=0 type=1 insize=4996 outsize=808 kw=DIRECTIONAL SHADOWS_OFF LIGHTMAP_OFF DIRLIGHTMAP_OFF ok=1
Cmd: compileSnippet
  api=8 type=1 insize=4996 outsize=4095 kw=DIRECTIONAL SHADOWS_OFF LIGHTMAP_ON DIRLIGHTMAP_ON ok=1
Cmd: compileSnippet
  api=0 type=0 insize=2656 outsize=1117 kw=POINT ok=1
Cmd: compileSnippet
  api=8 type=0 insize=2656 outsize=4445 kw=POINT_COOKIE ok=1
Cmd: compileSnippet
  api=4 type=1 insize=2656 outsize=1591 kw=DIRECTIONAL ok=1
Cmd: compileSnippet
  api=4 type=1 insize=2656 outsize=2192 kw=POINT_COOKIE ok=1
Cmd: compileSnippet
  api=8 type=0 insize=2661 outsize=4242 kw= ok=1
Cmd: compileSnippet
  api=0 type=0 insize=4637 outsize=1406 kw=LIGHTMAP_OFF DIRLIGHTMAP_OFF HDR_LIGHT_PREPASS_OFF ok=1
Cmd: compileSnippet
  api=0 type=0 insize=4637 outsize=1406 kw=LIGHTMAP_OFF DIRLIGHTMAP_OFF HDR_LIGHT_PREPASS_ON ok=1
Cmd: compileSnippet
  api=8 type=0 insize=4637 outsize=5688 kw=LIGHTMAP_ON DIRLIGHTMAP_OFF HDR_LIGHT_PREPASS_ON ok=1
Cmd: compileSnippet
  api=8 type=1 insize=4637 outsize=4672 kw=LIGHTMAP_ON DIRLIGHTMAP_OFF HDR_LIGHT_PREPASS_OFF ok=1
Cmd: compileSnippet
  api=4 type=1 insize=4637 outsize=2907 kw=LIGHTMAP_ON DIRLIGHTMAP_ON HDR_LIGHT_PREPASS_ON ok=1
Unhandled exception: Readfile from pipe failed. GLE=The pipe has been ended.


Quitting shader compiler process
