Base path: C:/Program Files (x86)/Unity46/Editor/Data
Pipe name: \\.\pipe\UnityShaderCompiler-8-4664
Cmd: getPlatforms
Cmd: compileSnippet
  api=0 type=0 insize=5122 outsize=951 kw=DIRECTIONAL LIGHTMAP_ON DIRLIGHTMAP_ON ok=1
Cmd: compileSnippet
  api=0 type=1 insize=5122 outsize=836 kw=DIRECTIONAL LIGHTMAP_OFF DIRLIGHTMAP_OFF ok=1
Cmd: compileSnippet
  api=4 type=1 insize=5122 outsize=2769 kw=DIRECTIONAL LIGHTMAP_ON DIRLIGHTMAP_ON ok=1
Cmd: compileSnippet
  api=0 type=0 insize=2764 outsize=828 kw=DIRECTIONAL ok=1
Cmd: compileSnippet
  api=8 type=0 insize=2764 outsize=4445 kw=POINT_COOKIE ok=1
Cmd: compileSnippet
  api=4 type=1 insize=2764 outsize=1591 kw=DIRECTIONAL ok=1
Cmd: compileSnippet
  api=4 type=1 insize=2764 outsize=2192 kw=POINT_COOKIE ok=1
Cmd: compileSnippet
  api=0 type=0 insize=9646 outsize=972 kw=DIRECTIONAL SHADOWS_OFF LIGHTMAP_OFF DIRLIGHTMAP_OFF DUMMY ok=1
Cmd: compileSnippet
  api=4 type=0 insize=9646 outsize=3143 kw=DIRECTIONAL SHADOWS_SCREEN LIGHTMAP_OFF DIRLIGHTMAP_OFF DUMMY ok=1
Cmd: compileSnippet
  api=0 type=0 insize=9646 outsize=585 kw=DIRECTIONAL SHADOWS_SCREEN LIGHTMAP_ON DIRLIGHTMAP_ON DUMMY ok=1
Cmd: compileSnippet
  api=0 type=0 insize=9646 outsize=1205 kw=DIRECTIONAL SHADOWS_OFF LIGHTMAP_OFF DIRLIGHTMAP_OFF PIXELSNAP_ON ok=1
Cmd: compileSnippet
  api=1 type=0 insize=9646 outsize=522 kw=DIRECTIONAL SHADOWS_OFF LIGHTMAP_ON DIRLIGHTMAP_OFF PIXELSNAP_ON ok=1
Cmd: compileSnippet
  api=1 type=0 insize=9646 outsize=1010 kw=DIRECTIONAL SHADOWS_SCREEN LIGHTMAP_OFF DIRLIGHTMAP_OFF PIXELSNAP_ON ok=1
Cmd: compileSnippet
  api=1 type=0 insize=9646 outsize=619 kw=DIRECTIONAL SHADOWS_SCREEN LIGHTMAP_ON DIRLIGHTMAP_ON PIXELSNAP_ON ok=1
Cmd: compileSnippet
  api=4 type=0 insize=9646 outsize=5280 kw=DIRECTIONAL SHADOWS_SCREEN LIGHTMAP_OFF DIRLIGHTMAP_OFF VERTEXLIGHT_ON PIXELSNAP_ON ok=1
Cmd: compileSnippet
  api=0 type=1 insize=9646 outsize=332 kw=DIRECTIONAL SHADOWS_OFF LIGHTMAP_ON DIRLIGHTMAP_OFF DUMMY ok=1
Cmd: compileSnippet
  api=8 type=1 insize=9646 outsize=1780 kw=DIRECTIONAL SHADOWS_OFF LIGHTMAP_ON DIRLIGHTMAP_ON DUMMY ok=1
Cmd: compileSnippet
  api=1 type=1 insize=9646 outsize=416 kw=DIRECTIONAL SHADOWS_SCREEN LIGHTMAP_ON DIRLIGHTMAP_ON DUMMY ok=1
Cmd: compileSnippet
  api=8 type=1 insize=9646 outsize=2105 kw=DIRECTIONAL SHADOWS_OFF LIGHTMAP_OFF DIRLIGHTMAP_OFF PIXELSNAP_ON ok=1
Cmd: compileSnippet
  api=4 type=1 insize=9646 outsize=1762 kw=DIRECTIONAL SHADOWS_SCREEN LIGHTMAP_ON DIRLIGHTMAP_OFF PIXELSNAP_ON ok=1
Cmd: compileSnippet
  api=4 type=0 insize=5534 outsize=3021 kw=SPOT DUMMY ok=1
Cmd: compileSnippet
  api=1 type=0 insize=5534 outsize=415 kw=POINT_COOKIE DUMMY ok=1
Cmd: compileSnippet
  api=0 type=0 insize=5534 outsize=1030 kw=POINT PIXELSNAP_ON ok=1
Cmd: compileSnippet
  api=8 type=0 insize=5534 outsize=3600 kw=DIRECTIONAL PIXELSNAP_ON ok=1
Cmd: compileSnippet
  api=4 type=0 insize=5534 outsize=3411 kw=POINT_COOKIE PIXELSNAP_ON ok=1
Cmd: compileSnippet
  api=0 type=1 insize=5534 outsize=588 kw=POINT DUMMY ok=1
Cmd: compileSnippet
  api=0 type=1 insize=5534 outsize=673 kw=POINT_COOKIE DUMMY ok=1
Cmd: compileSnippet
  api=8 type=1 insize=5534 outsize=2308 kw=DIRECTIONAL_COOKIE DUMMY ok=1
Cmd: compileSnippet
  api=4 type=1 insize=5534 outsize=2225 kw=SPOT PIXELSNAP_ON ok=1
Cmd: compileSnippet
  api=0 type=0 insize=4586 outsize=512 kw=DUMMY ok=1
Cmd: compileSnippet
  api=4 type=1 insize=4586 outsize=681 kw=PIXELSNAP_ON ok=1
Cmd: compileSnippet
  api=0 type=0 insize=8978 outsize=900 kw=LIGHTMAP_ON DIRLIGHTMAP_OFF DUMMY HDR_LIGHT_PREPASS_OFF ok=1
Cmd: compileSnippet
  api=4 type=0 insize=8978 outsize=3029 kw=LIGHTMAP_OFF DIRLIGHTMAP_OFF HDR_LIGHT_PREPASS_ON DUMMY ok=1
Cmd: compileSnippet
  api=4 type=0 insize=8978 outsize=3045 kw=LIGHTMAP_ON DIRLIGHTMAP_OFF HDR_LIGHT_PREPASS_ON DUMMY ok=1
Cmd: compileSnippet
  api=8 type=0 insize=8978 outsize=5127 kw=LIGHTMAP_OFF DIRLIGHTMAP_OFF PIXELSNAP_ON HDR_LIGHT_PREPASS_OFF ok=1
Cmd: compileSnippet
  api=8 type=0 insize=8978 outsize=5135 kw=LIGHTMAP_ON DIRLIGHTMAP_OFF HDR_LIGHT_PREPASS_ON PIXELSNAP_ON ok=1
Cmd: compileSnippet
  api=8 type=1 insize=8978 outsize=3380 kw=LIGHTMAP_ON DIRLIGHTMAP_OFF DUMMY HDR_LIGHT_PREPASS_OFF ok=1
Cmd: compileSnippet
  api=1 type=1 insize=8978 outsize=295 kw=LIGHTMAP_ON DIRLIGHTMAP_ON HDR_LIGHT_PREPASS_ON DUMMY ok=1
Cmd: compileSnippet
  api=0 type=1 insize=8978 outsize=731 kw=LIGHTMAP_ON DIRLIGHTMAP_OFF PIXELSNAP_ON HDR_LIGHT_PREPASS_OFF ok=1
Cmd: compileSnippet
  api=1 type=1 insize=8978 outsize=350 kw=LIGHTMAP_ON DIRLIGHTMAP_ON PIXELSNAP_ON HDR_LIGHT_PREPASS_OFF ok=1
Cmd: compileSnippet
  api=8 type=1 insize=8978 outsize=1853 kw=LIGHTMAP_OFF DIRLIGHTMAP_OFF HDR_LIGHT_PREPASS_ON PIXELSNAP_ON ok=1
Cmd: compileSnippet
  api=4 type=0 insize=8077 outsize=1298 kw=DIRECTIONAL SHADOWS_OFF LIGHTMAP_ON DIRLIGHTMAP_ON ok=1
Cmd: compileSnippet
  api=4 type=1 insize=8077 outsize=1753 kw=DIRECTIONAL SHADOWS_SCREEN LIGHTMAP_ON DIRLIGHTMAP_OFF ok=1
Cmd: compileSnippet
  api=4 type=2 insize=8077 outsize=7815 kw=DIRECTIONAL SHADOWS_SCREEN LIGHTMAP_OFF DIRLIGHTMAP_OFF ok=1
Cmd: compileSnippet
  api=4 type=3 insize=8077 outsize=3240 kw=DIRECTIONAL SHADOWS_SCREEN LIGHTMAP_ON DIRLIGHTMAP_OFF ok=1
Cmd: compileSnippet
  api=4 type=0 insize=5700 outsize=1298 kw=DIRECTIONAL_COOKIE ok=1
Cmd: compileSnippet
  api=4 type=1 insize=5700 outsize=3460 kw=SPOT ok=1
Cmd: compileSnippet
  api=4 type=3 insize=5700 outsize=5166 kw=SPOT ok=1
Cmd: compileSnippet
  api=4 type=0 insize=7543 outsize=1298 kw=LIGHTMAP_OFF DIRLIGHTMAP_OFF HDR_LIGHT_PREPASS_ON ok=1
Cmd: compileSnippet
  api=4 type=1 insize=7543 outsize=3988 kw=LIGHTMAP_ON DIRLIGHTMAP_ON HDR_LIGHT_PREPASS_ON ok=1
Cmd: compileSnippet
  api=4 type=3 insize=7543 outsize=4297 kw=LIGHTMAP_ON DIRLIGHTMAP_OFF HDR_LIGHT_PREPASS_OFF ok=1
Cmd: compileSnippet
  api=4 type=2 insize=4813 outsize=7815 kw=SHADOWS_CUBE ok=1
Cmd: compileSnippet
  api=4 type=1 insize=4858 outsize=3062 kw=SHADOWS_SPLIT_SPHERES SHADOWS_NATIVE ok=1
Cmd: compileSnippet
  api=0 type=0 insize=4996 outsize=1509 kw=DIRECTIONAL SHADOWS_OFF LIGHTMAP_OFF DIRLIGHTMAP_OFF ok=1
Cmd: compileSnippet
  api=0 type=0 insize=4996 outsize=1607 kw=DIRECTIONAL SHADOWS_SCREEN LIGHTMAP_OFF DIRLIGHTMAP_OFF ok=1
Cmd: compileSnippet
  api=0 type=0 insize=4996 outsize=1049 kw=DIRECTIONAL SHADOWS_SCREEN LIGHTMAP_ON DIRLIGHTMAP_ON ok=1
Cmd: compileSnippet
  api=0 type=0 insize=4996 outsize=2265 kw=DIRECTIONAL SHADOWS_SCREEN LIGHTMAP_OFF DIRLIGHTMAP_OFF VERTEXLIGHT_ON ok=1
Cmd: compileSnippet
  api=4 type=1 insize=4996 outsize=2030 kw=DIRECTIONAL SHADOWS_OFF LIGHTMAP_ON DIRLIGHTMAP_OFF ok=1
Cmd: compileSnippet
  api=8 type=1 insize=4996 outsize=3730 kw=DIRECTIONAL SHADOWS_SCREEN LIGHTMAP_OFF DIRLIGHTMAP_OFF ok=1
Cmd: compileSnippet
  api=4 type=0 insize=2656 outsize=2257 kw=DIRECTIONAL ok=1
Cmd: compileSnippet
  api=8 type=0 insize=2656 outsize=4445 kw=SPOT ok=1
Cmd: compileSnippet
  api=8 type=1 insize=2656 outsize=3112 kw=POINT ok=1
Cmd: compileSnippet
  api=0 type=0 insize=2661 outsize=924 kw= ok=1
Cmd: compileSnippet
  api=0 type=0 insize=4637 outsize=1046 kw=LIGHTMAP_ON DIRLIGHTMAP_ON HDR_LIGHT_PREPASS_OFF ok=1
Cmd: compileSnippet
  api=1 type=0 insize=4637 outsize=672 kw=LIGHTMAP_ON DIRLIGHTMAP_ON HDR_LIGHT_PREPASS_OFF ok=1
Cmd: compileSnippet
  api=4 type=0 insize=4637 outsize=3866 kw=LIGHTMAP_ON DIRLIGHTMAP_OFF HDR_LIGHT_PREPASS_ON ok=1
Cmd: compileSnippet
  api=0 type=1 insize=4637 outsize=1184 kw=LIGHTMAP_ON DIRLIGHTMAP_ON HDR_LIGHT_PREPASS_OFF ok=1
Cmd: compileSnippet
  api=0 type=1 insize=4637 outsize=732 kw=LIGHTMAP_OFF DIRLIGHTMAP_OFF HDR_LIGHT_PREPASS_ON ok=1
Cmd: compileSnippet
  api=8 type=1 insize=4637 outsize=3177 kw=LIGHTMAP_OFF DIRLIGHTMAP_OFF HDR_LIGHT_PREPASS_ON ok=1
Unhandled exception: Readfile from pipe failed. GLE=The pipe has been ended.


Quitting shader compiler process
